# JRE version: OpenJDK Runtime Environment (8.0_292-b10) (build 1.8.0_292-8u292-b10-0ubuntu1~16.04.1-b10)
# Java VM: OpenJDK Server VM (25.292-b10 mixed mode linux-x86 )
Heap:
 PSYoungGen      total 68608K, used 5632K [0x9cc00000, 0xa1580000, 0xa7400000)
  eden space 62976K, 0% used [0x9cc00000,0x9cc00000,0xa0980000)
  from space 5632K, 100% used [0xa0980000,0xa0f00000,0xa0f00000)
  to   space 4608K, 0% used [0xa0f00000,0xa0f00000,0xa1380000)
 ParOldGen       total 22016K, used 9668K [0x87c00000, 0x89180000, 0x9cc00000)
  object space 22016K, 43% used [0x87c00000,0x885713f8,0x89180000)
 Metaspace       used 11296K, capacity 11416K, committed 11544K, reserved 11568K
GC Heap History (10 events):
Event: 3,206 GC heap after
Heap after GC invocations=4 (full 0):
 PSYoungGen      total 17664K, used 1272K [0x9cc00000, 0x9de80000, 0xa7400000)
  eden space 16384K, 0% used [0x9cc00000,0x9cc00000,0x9dc00000)
  from space 1280K, 99% used [0x9dd40000,0x9de7e070,0x9de80000)
  to   space 1280K, 0% used [0x9dc00000,0x9dc00000,0x9dd40000)
 ParOldGen       total 22016K, used 2971K [0x87c00000, 0x89180000, 0x9cc00000)
  object space 22016K, 13% used [0x87c00000,0x87ee6ca0,0x89180000)
 Metaspace       used 5568K, capacity 5634K, committed 5656K, reserved 6448K
}
Event: 4,188 GC heap before
{Heap before GC invocations=5 (full 0):
 PSYoungGen      total 17664K, used 17656K [0x9cc00000, 0x9de80000, 0xa7400000)
  eden space 16384K, 100% used [0x9cc00000,0x9dc00000,0x9dc00000)
  from space 1280K, 99% used [0x9dd40000,0x9de7e070,0x9de80000)
  to   space 1280K, 0% used [0x9dc00000,0x9dc00000,0x9dd40000)
 ParOldGen       total 22016K, used 2971K [0x87c00000, 0x89180000, 0x9cc00000)
  object space 22016K, 13% used [0x87c00000,0x87ee6ca0,0x89180000)
 Metaspace       used 6945K, capacity 7025K, committed 7064K, reserved 7472K
Event: 4,214 GC heap after
Heap after GC invocations=5 (full 0):
 PSYoungGen      total 17664K, used 1272K [0x9cc00000, 0x9f300000, 0xa7400000)
  eden space 16384K, 0% used [0x9cc00000,0x9cc00000,0x9dc00000)
  from space 1280K, 99% used [0x9dc00000,0x9dd3e070,0x9dd40000)
  to   space 3584K, 0% used [0x9ef80000,0x9ef80000,0x9f300000)
 ParOldGen       total 22016K, used 5552K [0x87c00000, 0x89180000, 0x9cc00000)
  object space 22016K, 25% used [0x87c00000,0x8816c080,0x89180000)
 Metaspace       used 6945K, capacity 7025K, committed 7064K, reserved 7472K
}
Event: 4,878 GC heap before
{Heap before GC invocations=6 (full 0):
 PSYoungGen      total 17664K, used 17656K [0x9cc00000, 0x9f300000, 0xa7400000)
  eden space 16384K, 100% used [0x9cc00000,0x9dc00000,0x9dc00000)
  from space 1280K, 99% used [0x9dc00000,0x9dd3e070,0x9dd40000)
  to   space 3584K, 0% used [0x9ef80000,0x9ef80000,0x9f300000)
 ParOldGen       total 22016K, used 5552K [0x87c00000, 0x89180000, 0x9cc00000)
  object space 22016K, 25% used [0x87c00000,0x8816c080,0x89180000)
 Metaspace       used 8271K, capacity 8340K, committed 8472K, reserved 8496K
Event: 4,886 GC heap after
Heap after GC invocations=6 (full 0):
 PSYoungGen      total 35584K, used 3575K [0x9cc00000, 0x9f480000, 0xa7400000)
  eden space 32000K, 0% used [0x9cc00000,0x9cc00000,0x9eb40000)
  from space 3584K, 99% used [0x9ef80000,0x9f2fddc8,0x9f300000)
  to   space 4352K, 0% used [0x9eb40000,0x9eb40000,0x9ef80000)
 ParOldGen       total 22016K, used 5778K [0x87c00000, 0x89180000, 0x9cc00000)
  object space 22016K, 26% used [0x87c00000,0x881a4b58,0x89180000)
 Metaspace       used 8271K, capacity 8340K, committed 8472K, reserved 8496K
}
Event: 6,879 GC heap before
{Heap before GC invocations=7 (full 0):
 PSYoungGen      total 35584K, used 35575K [0x9cc00000, 0x9f480000, 0xa7400000)
  eden space 32000K, 100% used [0x9cc00000,0x9eb40000,0x9eb40000)
  from space 3584K, 99% used [0x9ef80000,0x9f2fddc8,0x9f300000)
  to   space 4352K, 0% used [0x9eb40000,0x9eb40000,0x9ef80000)
 ParOldGen       total 22016K, used 5778K [0x87c00000, 0x89180000, 0x9cc00000)
  object space 22016K, 26% used [0x87c00000,0x881a4b58,0x89180000)
 Metaspace       used 10119K, capacity 10195K, committed 10392K, reserved 10544K
Event: 6,900 GC heap after
Heap after GC invocations=7 (full 0):
 PSYoungGen      total 36352K, used 3529K [0x9cc00000, 0xa1380000, 0xa7400000)
  eden space 32000K, 0% used [0x9cc00000,0x9cc00000,0x9eb40000)
  from space 4352K, 81% used [0x9eb40000,0x9eeb24a0,0x9ef80000)
  to   space 4608K, 0% used [0xa0f00000,0xa0f00000,0xa1380000)
 ParOldGen       total 22016K, used 6426K [0x87c00000, 0x89180000, 0x9cc00000)
  object space 22016K, 29% used [0x87c00000,0x88246960,0x89180000)
 Metaspace       used 10119K, capacity 10195K, committed 10392K, reserved 10544K
}
Event: 9,403 GC heap before
{Heap before GC invocations=8 (full 0):
 PSYoungGen      total 36352K, used 35529K [0x9cc00000, 0xa1380000, 0xa7400000)
  eden space 32000K, 100% used [0x9cc00000,0x9eb40000,0x9eb40000)
  from space 4352K, 81% used [0x9eb40000,0x9eeb24a0,0x9ef80000)
  to   space 4608K, 0% used [0xa0f00000,0xa0f00000,0xa1380000)
 ParOldGen       total 22016K, used 6426K [0x87c00000, 0x89180000, 0x9cc00000)
  object space 22016K, 29% used [0x87c00000,0x88246960,0x89180000)
 Metaspace       used 11032K, capacity 11142K, committed 11288K, reserved 11568K
Event: 9,441 GC heap after
Heap after GC invocations=8 (full 0):
 PSYoungGen      total 67584K, used 4602K [0x9cc00000, 0xa1580000, 0xa7400000)
  eden space 62976K, 0% used [0x9cc00000,0x9cc00000,0xa0980000)
  from space 4608K, 99% used [0xa0f00000,0xa137e840,0xa1380000)
  to   space 5632K, 0% used [0xa0980000,0xa0980000,0xa0f00000)
 ParOldGen       total 22016K, used 7325K [0x87c00000, 0x89180000, 0x9cc00000)
  object space 22016K, 33% used [0x87c00000,0x88327680,0x89180000)
 Metaspace       used 11032K, capacity 11142K, committed 11288K, reserved 11568K
}
Event: 12,139 GC heap before
{Heap before GC invocations=9 (full 0):
 PSYoungGen      total 67584K, used 67578K [0x9cc00000, 0xa1580000, 0xa7400000)
  eden space 62976K, 100% used [0x9cc00000,0xa0980000,0xa0980000)
  from space 4608K, 99% used [0xa0f00000,0xa137e840,0xa1380000)
  to   space 5632K, 0% used [0xa0980000,0xa0980000,0xa0f00000)
 ParOldGen       total 22016K, used 7325K [0x87c00000, 0x89180000, 0x9cc00000)
  object space 22016K, 33% used [0x87c00000,0x88327680,0x89180000)
 Metaspace       used 11296K, capacity 11416K, committed 11544K, reserved 11568K

