# JRE version: OpenJDK Runtime Environment (8.0_292-b10) (build 1.8.0_292-8u292-b10-0ubuntu1~16.04.1-b10)
# Java VM: OpenJDK Server VM (25.292-b10 mixed mode linux-x86 )
Heap:
 PSYoungGen      total 68608K, used 5632K [0x9cc00000, 0xa1580000, 0xa7400000)
  eden space 62976K, 0% used [0x9cc00000,0x9cc00000,0xa0980000)
  from space 5632K, 100% used [0xa0980000,0xa0f00000,0xa0f00000)
  to   space 4608K, 0% used [0xa0f00000,0xa0f00000,0xa1380000)
 ParOldGen       total 22016K, used 9707K [0x87c00000, 0x89180000, 0x9cc00000)
  object space 22016K, 44% used [0x87c00000,0x8857aee8,0x89180000)
 Metaspace       used 11303K, capacity 11424K, committed 11544K, reserved 11568K
GC Heap History (10 events):
Event: 2,699 GC heap after
Heap after GC invocations=4 (full 0):
 PSYoungGen      total 17664K, used 1278K [0x9cc00000, 0x9de80000, 0xa7400000)
  eden space 16384K, 0% used [0x9cc00000,0x9cc00000,0x9dc00000)
  from space 1280K, 99% used [0x9dd40000,0x9de7f820,0x9de80000)
  to   space 1280K, 0% used [0x9dc00000,0x9dc00000,0x9dd40000)
 ParOldGen       total 22016K, used 2965K [0x87c00000, 0x89180000, 0x9cc00000)
  object space 22016K, 13% used [0x87c00000,0x87ee55e0,0x89180000)
 Metaspace       used 5550K, capacity 5610K, committed 5656K, reserved 6448K
}
Event: 3,338 GC heap before
{Heap before GC invocations=5 (full 0):
 PSYoungGen      total 17664K, used 17662K [0x9cc00000, 0x9de80000, 0xa7400000)
  eden space 16384K, 100% used [0x9cc00000,0x9dc00000,0x9dc00000)
  from space 1280K, 99% used [0x9dd40000,0x9de7f820,0x9de80000)
  to   space 1280K, 0% used [0x9dc00000,0x9dc00000,0x9dd40000)
 ParOldGen       total 22016K, used 2965K [0x87c00000, 0x89180000, 0x9cc00000)
  object space 22016K, 13% used [0x87c00000,0x87ee55e0,0x89180000)
 Metaspace       used 6941K, capacity 7033K, committed 7064K, reserved 7472K
Event: 3,376 GC heap after
Heap after GC invocations=5 (full 0):
 PSYoungGen      total 17664K, used 1279K [0x9cc00000, 0x9f300000, 0xa7400000)
  eden space 16384K, 0% used [0x9cc00000,0x9cc00000,0x9dc00000)
  from space 1280K, 99% used [0x9dc00000,0x9dd3fed0,0x9dd40000)
  to   space 3584K, 0% used [0x9ef80000,0x9ef80000,0x9f300000)
 ParOldGen       total 22016K, used 5559K [0x87c00000, 0x89180000, 0x9cc00000)
  object space 22016K, 25% used [0x87c00000,0x8816df10,0x89180000)
 Metaspace       used 6941K, capacity 7033K, committed 7064K, reserved 7472K
}
Event: 3,879 GC heap before
{Heap before GC invocations=6 (full 0):
 PSYoungGen      total 17664K, used 17663K [0x9cc00000, 0x9f300000, 0xa7400000)
  eden space 16384K, 100% used [0x9cc00000,0x9dc00000,0x9dc00000)
  from space 1280K, 99% used [0x9dc00000,0x9dd3fed0,0x9dd40000)
  to   space 3584K, 0% used [0x9ef80000,0x9ef80000,0x9f300000)
 ParOldGen       total 22016K, used 5559K [0x87c00000, 0x89180000, 0x9cc00000)
  object space 22016K, 25% used [0x87c00000,0x8816df10,0x89180000)
 Metaspace       used 8265K, capacity 8316K, committed 8344K, reserved 8496K
Event: 3,907 GC heap after
Heap after GC invocations=6 (full 0):
 PSYoungGen      total 35584K, used 3570K [0x9cc00000, 0x9f480000, 0xa7400000)
  eden space 32000K, 0% used [0x9cc00000,0x9cc00000,0x9eb40000)
  from space 3584K, 99% used [0x9ef80000,0x9f2fcab8,0x9f300000)
  to   space 4352K, 0% used [0x9eb40000,0x9eb40000,0x9ef80000)
 ParOldGen       total 22016K, used 5806K [0x87c00000, 0x89180000, 0x9cc00000)
  object space 22016K, 26% used [0x87c00000,0x881abad8,0x89180000)
 Metaspace       used 8265K, capacity 8316K, committed 8344K, reserved 8496K
}
Event: 5,435 GC heap before
{Heap before GC invocations=7 (full 0):
 PSYoungGen      total 35584K, used 35570K [0x9cc00000, 0x9f480000, 0xa7400000)
  eden space 32000K, 100% used [0x9cc00000,0x9eb40000,0x9eb40000)
  from space 3584K, 99% used [0x9ef80000,0x9f2fcab8,0x9f300000)
  to   space 4352K, 0% used [0x9eb40000,0x9eb40000,0x9ef80000)
 ParOldGen       total 22016K, used 5806K [0x87c00000, 0x89180000, 0x9cc00000)
  object space 22016K, 26% used [0x87c00000,0x881abad8,0x89180000)
 Metaspace       used 10152K, capacity 10235K, committed 10392K, reserved 10544K
Event: 5,473 GC heap after
Heap after GC invocations=7 (full 0):
 PSYoungGen      total 36352K, used 3671K [0x9cc00000, 0xa1380000, 0xa7400000)
  eden space 32000K, 0% used [0x9cc00000,0x9cc00000,0x9eb40000)
  from space 4352K, 84% used [0x9eb40000,0x9eed5e28,0x9ef80000)
  to   space 4608K, 0% used [0xa0f00000,0xa0f00000,0xa1380000)
 ParOldGen       total 22016K, used 6298K [0x87c00000, 0x89180000, 0x9cc00000)
  object space 22016K, 28% used [0x87c00000,0x88226820,0x89180000)
 Metaspace       used 10152K, capacity 10235K, committed 10392K, reserved 10544K
}
Event: 7,244 GC heap before
{Heap before GC invocations=8 (full 0):
 PSYoungGen      total 36352K, used 35671K [0x9cc00000, 0xa1380000, 0xa7400000)
  eden space 32000K, 100% used [0x9cc00000,0x9eb40000,0x9eb40000)
  from space 4352K, 84% used [0x9eb40000,0x9eed5e28,0x9ef80000)
  to   space 4608K, 0% used [0xa0f00000,0xa0f00000,0xa1380000)
 ParOldGen       total 22016K, used 6298K [0x87c00000, 0x89180000, 0x9cc00000)
  object space 22016K, 28% used [0x87c00000,0x88226820,0x89180000)
 Metaspace       used 11043K, capacity 11118K, committed 11288K, reserved 11568K
Event: 7,264 GC heap after
Heap after GC invocations=8 (full 0):
 PSYoungGen      total 67584K, used 4595K [0x9cc00000, 0xa1580000, 0xa7400000)
  eden space 62976K, 0% used [0x9cc00000,0x9cc00000,0xa0980000)
  from space 4608K, 99% used [0xa0f00000,0xa137cf00,0xa1380000)
  to   space 5632K, 0% used [0xa0980000,0xa0980000,0xa0f00000)
 ParOldGen       total 22016K, used 7413K [0x87c00000, 0x89180000, 0x9cc00000)
  object space 22016K, 33% used [0x87c00000,0x8833d538,0x89180000)
 Metaspace       used 11043K, capacity 11118K, committed 11288K, reserved 11568K
}
Event: 9,832 GC heap before
{Heap before GC invocations=9 (full 0):
 PSYoungGen      total 67584K, used 67571K [0x9cc00000, 0xa1580000, 0xa7400000)
  eden space 62976K, 100% used [0x9cc00000,0xa0980000,0xa0980000)
  from space 4608K, 99% used [0xa0f00000,0xa137cf00,0xa1380000)
  to   space 5632K, 0% used [0xa0980000,0xa0980000,0xa0f00000)
 ParOldGen       total 22016K, used 7413K [0x87c00000, 0x89180000, 0x9cc00000)
  object space 22016K, 33% used [0x87c00000,0x8833d538,0x89180000)
 Metaspace       used 11303K, capacity 11424K, committed 11544K, reserved 11568K

